<?xml version="1.0" encoding="UTF-8"?>
<!-- Generated by org.testng.reporters.JUnitReportReporter -->
<testsuite hostname="LAPTOP-TKGHDD60" failures="0" tests="3" name="TestCases.LaunchURL" time="14.754" errors="0" timestamp="30 Oct 2021 07:01:02 GMT" skipped="0">
  <testcase classname="TestCases.LaunchURL" name="loginTest" time="6.534"/>
  <testcase classname="TestCases.LaunchURL" name="validLogin" time="4.314"/>
  <testcase classname="TestCases.LaunchURL" name="ResetLogin" time="3.906"/>
</testsuite> <!-- TestCases.LaunchURL -->
